CA.Client.Exception...............................................
    Warning: "Virtual circuit disconnect"
    Context: "ics-essiip-01:5064"
    Source File: ../cac.cpp line 1223
    Current Time: Mon Feb 25 2019 13:54:00.899583154
..................................................................
CA.Client.Exception...............................................
    Warning: "Virtual circuit disconnect"
    Context: "ics-essiip-01:5064"
    Source File: ../cac.cpp line 1223
    Current Time: Fri Mar 01 2019 13:41:51.911097383
..................................................................
CA.Client.Exception...............................................
    Warning: "Virtual circuit disconnect"
    Context: "ics-essiip-01:5064"
    Source File: ../cac.cpp line 1223
    Current Time: Fri Mar 01 2019 13:57:07.897453643
..................................................................
CA.Client.Exception...............................................
    Warning: "Virtual circuit disconnect"
    Context: "ics-essiip-01:5064"
    Source File: ../cac.cpp line 1223
    Current Time: Fri Mar 01 2019 13:58:02.609045661
..................................................................
CA.Client.Exception...............................................
    Warning: "Virtual circuit disconnect"
    Context: "ics-essiip-01:5064"
    Source File: ../cac.cpp line 1223
    Current Time: Fri Mar 01 2019 13:59:00.704821389
..................................................................
CA.Client.Exception...............................................
    Warning: "Virtual circuit disconnect"
    Context: "ics-essiip-01:5064"
    Source File: ../cac.cpp line 1223
    Current Time: Fri Mar 01 2019 14:01:01.000194059
..................................................................
CA.Client.Exception...............................................
    Warning: "Virtual circuit disconnect"
    Context: "ics-essiip-01:5064"
    Source File: ../cac.cpp line 1223
    Current Time: Mon Mar 04 2019 15:47:36.404521277
..................................................................
CA.Client.Exception...............................................
    Warning: "Virtual circuit disconnect"
    Context: "ics-essiip-01:5064"
    Source File: ../cac.cpp line 1223
    Current Time: Mon Mar 04 2019 15:50:30.662815635
..................................................................
CA.Client.Exception...............................................
    Warning: "Virtual circuit disconnect"
    Context: "ics-essiip-01:5064"
    Source File: ../cac.cpp line 1223
    Current Time: Mon Mar 04 2019 15:54:46.063929720
..................................................................
CA.Client.Exception...............................................
    Warning: "Virtual circuit disconnect"
    Context: "ics-essiip-01:5064"
    Source File: ../cac.cpp line 1223
    Current Time: Mon Mar 04 2019 15:55:13.885447868
..................................................................
CA.Client.Exception...............................................
    Warning: "Virtual circuit disconnect"
    Context: "ics-essiip-01:5064"
    Source File: ../cac.cpp line 1223
    Current Time: Tue Mar 05 2019 10:53:40.872069797
..................................................................
