CA.Client.Exception...............................................
    Warning: "Virtual circuit disconnect"
    Context: "ics-essiip-01:5064"
    Source File: ../cac.cpp line 1223
    Current Time: Mon Feb 25 2019 13:54:00.907963070
..................................................................
CA.Client.Exception...............................................
    Warning: "Virtual circuit disconnect"
    Context: "ics-essiip-01:5064"
    Source File: ../cac.cpp line 1223
    Current Time: Fri Mar 01 2019 13:41:51.911043414
..................................................................
CA.Client.Exception...............................................
    Warning: "Virtual circuit disconnect"
    Context: "ics-essiip-01:5064"
    Source File: ../cac.cpp line 1223
    Current Time: Fri Mar 01 2019 13:57:07.897305350
..................................................................
CA.Client.Exception...............................................
    Warning: "Virtual circuit disconnect"
    Context: "ics-essiip-01:5064"
    Source File: ../cac.cpp line 1223
    Current Time: Fri Mar 01 2019 13:58:02.609046535
..................................................................
CA.Client.Exception...............................................
    Warning: "Virtual circuit disconnect"
    Context: "ics-essiip-01:5064"
    Source File: ../cac.cpp line 1223
    Current Time: Fri Mar 01 2019 13:59:00.704671311
..................................................................
CA.Client.Exception...............................................
    Warning: "Virtual circuit disconnect"
    Context: "ics-essiip-01:5064"
    Source File: ../cac.cpp line 1223
    Current Time: Fri Mar 01 2019 14:01:01.000241696
..................................................................
CA.Client.Exception...............................................
    Warning: "Virtual circuit disconnect"
    Context: "ics-essiip-01:5064"
    Source File: ../cac.cpp line 1223
    Current Time: Mon Mar 04 2019 15:47:36.396179791
..................................................................
CA.Client.Exception...............................................
    Warning: "Virtual circuit disconnect"
    Context: "ics-essiip-01:5064"
    Source File: ../cac.cpp line 1223
    Current Time: Mon Mar 04 2019 15:50:30.662713986
..................................................................
CA.Client.Exception...............................................
    Warning: "Virtual circuit disconnect"
    Context: "ics-essiip-01:5064"
    Source File: ../cac.cpp line 1223
    Current Time: Mon Mar 04 2019 15:54:46.063943783
..................................................................
CA.Client.Exception...............................................
    Warning: "Virtual circuit disconnect"
    Context: "ics-essiip-01:5064"
    Source File: ../cac.cpp line 1223
    Current Time: Mon Mar 04 2019 15:55:13.885442090
..................................................................
CA.Client.Exception...............................................
    Warning: "Virtual circuit disconnect"
    Context: "ics-essiip-01:5064"
    Source File: ../cac.cpp line 1223
    Current Time: Tue Mar 05 2019 10:53:40.872012649
..................................................................
