CA.Client.Exception...............................................
    Warning: "Virtual circuit disconnect"
    Context: "ics-essiip-01:5064"
    Source File: ../cac.cpp line 1223
    Current Time: Mon Feb 25 2019 13:54:00.899583161
..................................................................
CA.Client.Exception...............................................
    Warning: "Virtual circuit disconnect"
    Context: "ics-essiip-01:5064"
    Source File: ../cac.cpp line 1223
    Current Time: Fri Mar 01 2019 13:41:51.919532844
..................................................................
CA.Client.Exception...............................................
    Warning: "Virtual circuit disconnect"
    Context: "ics-essiip-01:5064"
    Source File: ../cac.cpp line 1223
    Current Time: Fri Mar 01 2019 13:57:07.897420157
..................................................................
CA.Client.Exception...............................................
    Warning: "Virtual circuit disconnect"
    Context: "ics-essiip-01:5064"
    Source File: ../cac.cpp line 1223
    Current Time: Fri Mar 01 2019 13:58:02.608923791
..................................................................
CA.Client.Exception...............................................
    Warning: "Virtual circuit disconnect"
    Context: "ics-essiip-01:5064"
    Source File: ../cac.cpp line 1223
    Current Time: Fri Mar 01 2019 13:59:00.704765792
..................................................................
CA.Client.Exception...............................................
    Warning: "Virtual circuit disconnect"
    Context: "ics-essiip-01:5064"
    Source File: ../cac.cpp line 1223
    Current Time: Fri Mar 01 2019 14:01:00.994054458
..................................................................
CA.Client.Exception...............................................
    Warning: "Virtual circuit disconnect"
    Context: "ics-essiip-01:5064"
    Source File: ../cac.cpp line 1223
    Current Time: Mon Mar 04 2019 15:47:36.404485017
..................................................................
CA.Client.Exception...............................................
    Warning: "Virtual circuit disconnect"
    Context: "ics-essiip-01:5064"
    Source File: ../cac.cpp line 1223
    Current Time: Mon Mar 04 2019 15:50:30.662717517
..................................................................
CA.Client.Exception...............................................
    Warning: "Virtual circuit disconnect"
    Context: "ics-essiip-01:5064"
    Source File: ../cac.cpp line 1223
    Current Time: Mon Mar 04 2019 15:54:46.055527505
..................................................................
CA.Client.Exception...............................................
    Warning: "Virtual circuit disconnect"
    Context: "ics-essiip-01:5064"
    Source File: ../cac.cpp line 1223
    Current Time: Mon Mar 04 2019 15:55:13.885408969
..................................................................
CA.Client.Exception...............................................
    Warning: "Virtual circuit disconnect"
    Context: "ics-essiip-01:5064"
    Source File: ../cac.cpp line 1223
    Current Time: Tue Mar 05 2019 10:53:40.872009530
..................................................................
