CA.Client.Exception...............................................
    Warning: "Virtual circuit disconnect"
    Context: "ics-essiip-01:5064"
    Source File: ../cac.cpp line 1223
    Current Time: Mon Feb 25 2019 13:54:00.907843949
..................................................................
CA.Client.Exception...............................................
    Warning: "Virtual circuit disconnect"
    Context: "ics-essiip-01:5064"
    Source File: ../cac.cpp line 1223
    Current Time: Fri Mar 01 2019 13:41:51.919540327
..................................................................
CA.Client.Exception...............................................
    Warning: "Virtual circuit disconnect"
    Context: "ics-essiip-01:5064"
    Source File: ../cac.cpp line 1223
    Current Time: Fri Mar 01 2019 13:57:07.897275587
..................................................................
CA.Client.Exception...............................................
    Warning: "Virtual circuit disconnect"
    Context: "ics-essiip-01:5064"
    Source File: ../cac.cpp line 1223
    Current Time: Fri Mar 01 2019 13:58:02.609006036
..................................................................
CA.Client.Exception...............................................
    Warning: "Virtual circuit disconnect"
    Context: "ics-essiip-01:5064"
    Source File: ../cac.cpp line 1223
    Current Time: Fri Mar 01 2019 13:59:00.704678965
..................................................................
CA.Client.Exception...............................................
    Warning: "Virtual circuit disconnect"
    Context: "ics-essiip-01:5064"
    Source File: ../cac.cpp line 1223
    Current Time: Fri Mar 01 2019 14:01:00.994044421
..................................................................
CA.Client.Exception...............................................
    Warning: "Virtual circuit disconnect"
    Context: "ics-essiip-01:5064"
    Source File: ../cac.cpp line 1223
    Current Time: Mon Mar 04 2019 15:47:36.396187315
..................................................................
CA.Client.Exception...............................................
    Warning: "Virtual circuit disconnect"
    Context: "ics-essiip-01:5064"
    Source File: ../cac.cpp line 1223
    Current Time: Mon Mar 04 2019 15:50:30.662752654
..................................................................
CA.Client.Exception...............................................
    Warning: "Virtual circuit disconnect"
    Context: "ics-essiip-01:5064"
    Source File: ../cac.cpp line 1223
    Current Time: Mon Mar 04 2019 15:54:46.055539249
..................................................................
CA.Client.Exception...............................................
    Warning: "Virtual circuit disconnect"
    Context: "ics-essiip-01:5064"
    Source File: ../cac.cpp line 1223
    Current Time: Mon Mar 04 2019 15:55:13.885392282
..................................................................
CA.Client.Exception...............................................
    Warning: "Virtual circuit disconnect"
    Context: "ics-essiip-01:5064"
    Source File: ../cac.cpp line 1223
    Current Time: Tue Mar 05 2019 10:53:40.871992595
..................................................................
